<?xml version="1.0" encoding="UTF-8"?>
<!-- Generated by org.testng.reporters.JUnitReportReporter -->
<testsuite hostname="LAPTOP-JE32UJGQ" failures="0" tests="2" name="com.feildforce.tests.AddCustomer" time="40.338" errors="0" timestamp="2026-09-06T14:42:26 IST" skipped="0">
  <testcase classname="com.feildforce.tests.AddCustomer" name="addCustomer" time="20.367"/>
  <testcase classname="com.feildforce.tests.AddCustomer" name="addCustomer" time="19.971"/>
</testsuite> <!-- com.feildforce.tests.AddCustomer -->
