<?xml version="1.0" encoding="UTF-8"?>
<testng-results ignored="0" total="2" passed="2" failed="0" skipped="0">
  <reporter-output>
  </reporter-output>
  <suite started-at="2026-09-06T14:41:45 IST" name="Default suite" finished-at="2026-09-06T14:42:26 IST" duration-ms="40402">
    <groups>
    </groups>
    <test started-at="2026-09-06T14:41:45 IST" name="Default test" finished-at="2026-09-06T14:42:26 IST" duration-ms="40402">
      <class name="com.feildforce.tests.AddCustomer">
        <test-method is-config="true" signature="setup()[pri:0, instance:com.feildforce.tests.AddCustomer@59474f18]" started-at="2026-09-06T14:41:45 IST" name="setup" finished-at="2026-09-06T14:41:54 IST" duration-ms="8340" status="PASS">
          <reporter-output>
          </reporter-output>
        </test-method> <!-- setup -->
        <test-method signature="addCustomer(java.lang.String,java.lang.String,java.lang.String,java.lang.String)[pri:0, instance:com.feildforce.tests.AddCustomer@59474f18]" started-at="2026-09-06T14:41:54 IST" name="addCustomer" data-provider="customerData" finished-at="2026-09-06T14:42:05 IST" duration-ms="11218" status="PASS">
          <params>
            <param index="0">
              <value>
                <![CDATA[Amit Patil]]>
              </value>
            </param>
            <param index="1">
              <value>
                <![CDATA[9820123456]]>
              </value>
            </param>
            <param index="2">
              <value>
                <![CDATA[amit.patil@gmail.com]]>
              </value>
            </param>
            <param index="3">
              <value>
                <![CDATA[Mahindra]]>
              </value>
            </param>
          </params>
          <reporter-output>
          </reporter-output>
        </test-method> <!-- addCustomer -->
        <test-method is-config="true" signature="tearDown()[pri:0, instance:com.feildforce.tests.AddCustomer@59474f18]" started-at="2026-09-06T14:42:05 IST" name="tearDown" finished-at="2026-09-06T14:42:05 IST" duration-ms="413" status="PASS">
          <reporter-output>
          </reporter-output>
        </test-method> <!-- tearDown -->
        <test-method is-config="true" signature="setup()[pri:0, instance:com.feildforce.tests.AddCustomer@59474f18]" started-at="2026-09-06T14:42:05 IST" name="setup" finished-at="2026-09-06T14:42:12 IST" duration-ms="7132" status="PASS">
          <reporter-output>
          </reporter-output>
        </test-method> <!-- setup -->
        <test-method signature="addCustomer(java.lang.String,java.lang.String,java.lang.String,java.lang.String)[pri:0, instance:com.feildforce.tests.AddCustomer@59474f18]" started-at="2026-09-06T14:42:12 IST" name="addCustomer" data-provider="customerData" finished-at="2026-09-06T14:42:25 IST" duration-ms="12777" status="PASS">
          <params>
            <param index="0">
              <value>
                <![CDATA[Sneha Kulkarni]]>
              </value>
            </param>
            <param index="1">
              <value>
                <![CDATA[9765432108]]>
              </value>
            </param>
            <param index="2">
              <value>
                <![CDATA[sneha.kulkarni@gmail.com]]>
              </value>
            </param>
            <param index="3">
              <value>
                <![CDATA[Honda]]>
              </value>
            </param>
          </params>
          <reporter-output>
          </reporter-output>
        </test-method> <!-- addCustomer -->
        <test-method is-config="true" signature="tearDown()[pri:0, instance:com.feildforce.tests.AddCustomer@59474f18]" started-at="2026-09-06T14:42:25 IST" name="tearDown" finished-at="2026-09-06T14:42:26 IST" duration-ms="458" status="PASS">
          <reporter-output>
          </reporter-output>
        </test-method> <!-- tearDown -->
      </class> <!-- com.feildforce.tests.AddCustomer -->
    </test> <!-- Default test -->
  </suite> <!-- Default suite -->
</testng-results>
